2.7.3 27-05-2012 18:44:49 Starting new session.
2.7.3 27-05-2012 18:45:22 MAJOR: null: Loading language: en
2.7.3 27-05-2012 18:45:23 ERROR: QT: example: Couldn't find a valid label for example_0_ in either en or en
2.7.3 27-05-2012 18:45:23 ERROR: QT: example: Couldn't find a valid description for example_0_ in either en or en
2.7.3 27-05-2012 18:45:23 ERROR: QT: example: Couldn't find a valid description_refuse for example_0_ in either en or en
2.7.3 27-05-2012 18:45:23 ERROR: QT: example: Couldn't find a valid description_success for example_0_ in either en or en
2.7.3 27-05-2012 18:45:23 ERROR: QT: example: Couldn't find a valid label for example_1_ in either en or en
2.7.3 27-05-2012 18:45:23 ERROR: QT: example: Couldn't find a valid description for example_1_ in either en or en
2.7.3 27-05-2012 18:45:23 ERROR: QT: example: Couldn't find a valid description_refuse for example_1_ in either en or en
2.7.3 27-05-2012 18:45:23 ERROR: QT: example: Couldn't find a valid description_success for example_1_ in either en or en
2.7.3 27-05-2012 18:45:23 MAJOR: null: Language loaded: en. Wand name: Wand of Summoning
2.7.3 27-05-2012 18:49:13 Starting new session.
2.7.3 27-05-2012 18:49:51 Starting new session.
2.7.3 27-05-2012 18:51:49 Starting new session.
2.7.3 27-05-2012 18:52:45 Starting new session.
2.7.3 27-05-2012 18:56:00 Starting new session.
2.7.3 27-05-2012 18:58:03 Starting new session.
2.7.3 27-05-2012 18:58:38 Starting new session.
2.7.3 27-05-2012 18:59:46 Starting new session.
2.7.3 27-05-2012 19:01:48 Starting new session.
2.7.3 27-05-2012 19:03:11 Starting new session.
2.7.3 27-05-2012 19:04:39 Starting new session.
2.7.3 27-05-2012 19:18:35 Starting new session.
2.7.3 27-05-2012 19:18:48 MAJOR: null: Loading language: en
2.7.3 27-05-2012 19:18:48 ERROR: QT: example: Couldn't find a valid label for example_0_ in either en or en
2.7.3 27-05-2012 19:18:48 ERROR: QT: example: Couldn't find a valid description for example_0_ in either en or en
2.7.3 27-05-2012 19:18:48 ERROR: QT: example: Couldn't find a valid description_refuse for example_0_ in either en or en
2.7.3 27-05-2012 19:18:48 ERROR: QT: example: Couldn't find a valid description_success for example_0_ in either en or en
2.7.3 27-05-2012 19:18:48 ERROR: QT: example: Couldn't find a valid label for example_1_ in either en or en
2.7.3 27-05-2012 19:18:48 ERROR: QT: example: Couldn't find a valid description for example_1_ in either en or en
2.7.3 27-05-2012 19:18:48 ERROR: QT: example: Couldn't find a valid description_refuse for example_1_ in either en or en
2.7.3 27-05-2012 19:18:48 ERROR: QT: example: Couldn't find a valid description_success for example_1_ in either en or en
2.7.3 27-05-2012 19:18:48 MAJOR: null: Language loaded: en. Wand name: Wand of Summoning
2.7.3 27-05-2012 19:33:43 ERROR: lonemayanfarm_0 at 55/62/199/3/0 Maya Makan: No TileEntitySign at: 54/63/202
2.7.3 27-05-2012 19:33:53 ERROR: lonemayanfarm_0 at 55/62/199/3/0 Maya Makan: No TileEntitySign at: 54/63/202
2.7.3 27-05-2012 19:34:03 ERROR: lonemayanfarm_0 at 55/62/199/3/0 Maya Makan: No TileEntitySign at: 54/63/202
2.7.3 27-05-2012 19:34:13 ERROR: lonemayanfarm_0 at 55/62/199/3/0 Maya Makan: No TileEntitySign at: 54/63/202
2.7.3 27-05-2012 19:34:23 ERROR: lonemayanfarm_0 at 55/62/199/3/0 Maya Makan: No TileEntitySign at: 54/63/202
2.7.3 27-05-2012 19:34:33 ERROR: lonemayanfarm_0 at 55/62/199/3/0 Maya Makan: No TileEntitySign at: 54/63/202
